{"C:\\Users\\ASUS\\Documents\\CLONE1\\project-manajuser\\project-dashboard\\src\\App.js": {"path":"C:\\Users\\ASUS\\Documents\\CLONE1\\project-manajuser\\project-dashboard\\src\\App.js","statementMap":{"0":{"start":{"line":12,"column":4},"end":{"line":22,"column":5}}},"fnMap":{"0":{"name":"(anonymous_0)","decl":{"start":{"line":11,"column":2},"end":{"line":11,"column":3}},"loc":{"start":{"line":11,"column":11},"end":{"line":23,"column":3}},"line":11}},"branchMap":{},"s":{"0":1},"f":{"0":1},"b":{},"_coverageSchema":"43e27e138ebf9cfc5966b082cf9a028302ed4184","hash":"f3bad053e32b2c0506e1c9dd316af1bd73549f32"}
,"C:\\Users\\ASUS\\Documents\\CLONE1\\project-manajuser\\project-dashboard\\src\\assets\\footer.js": {"path":"C:\\Users\\ASUS\\Documents\\CLONE1\\project-manajuser\\project-dashboard\\src\\assets\\footer.js","statementMap":{"0":{"start":{"line":8,"column":8},"end":{"line":18,"column":9}}},"fnMap":{"0":{"name":"(anonymous_0)","decl":{"start":{"line":7,"column":4},"end":{"line":7,"column":5}},"loc":{"start":{"line":7,"column":13},"end":{"line":19,"column":5}},"line":7}},"branchMap":{},"s":{"0":1},"f":{"0":1},"b":{},"_coverageSchema":"43e27e138ebf9cfc5966b082cf9a028302ed4184","hash":"23e174e137000f1425275ef7ded0624e95994f7c"}
,"C:\\Users\\ASUS\\Documents\\CLONE1\\project-manajuser\\project-dashboard\\src\\assets\\header.js": {"path":"C:\\Users\\ASUS\\Documents\\CLONE1\\project-manajuser\\project-dashboard\\src\\assets\\header.js","statementMap":{"0":{"start":{"line":8,"column":8},"end":{"line":59,"column":9}}},"fnMap":{"0":{"name":"(anonymous_0)","decl":{"start":{"line":7,"column":4},"end":{"line":7,"column":5}},"loc":{"start":{"line":7,"column":13},"end":{"line":60,"column":5}},"line":7}},"branchMap":{},"s":{"0":1},"f":{"0":1},"b":{},"_coverageSchema":"43e27e138ebf9cfc5966b082cf9a028302ed4184","hash":"53e0e16cc7707381c4382435b3a152bccc5c1e57"}
,"C:\\Users\\ASUS\\Documents\\CLONE1\\project-manajuser\\project-dashboard\\src\\assets\\menu.js": {"path":"C:\\Users\\ASUS\\Documents\\CLONE1\\project-manajuser\\project-dashboard\\src\\assets\\menu.js","statementMap":{"0":{"start":{"line":8,"column":8},"end":{"line":49,"column":9}}},"fnMap":{"0":{"name":"(anonymous_0)","decl":{"start":{"line":7,"column":4},"end":{"line":7,"column":5}},"loc":{"start":{"line":7,"column":13},"end":{"line":50,"column":5}},"line":7}},"branchMap":{},"s":{"0":1},"f":{"0":1},"b":{},"_coverageSchema":"43e27e138ebf9cfc5966b082cf9a028302ed4184","hash":"9c80b83937bfeeffc3d4b9a985f1bedf6bae45da"}
,"C:\\Users\\ASUS\\Documents\\CLONE1\\project-manajuser\\project-dashboard\\src\\config\\config.js": {"path":"C:\\Users\\ASUS\\Documents\\CLONE1\\project-manajuser\\project-dashboard\\src\\config\\config.js","statementMap":{},"fnMap":{},"branchMap":{},"s":{},"f":{},"b":{},"_coverageSchema":"43e27e138ebf9cfc5966b082cf9a028302ed4184","hash":"edf14795c4c78f04a3e5434ed1eb0a39ce2af641"}
,"C:\\Users\\ASUS\\Documents\\CLONE1\\project-manajuser\\project-dashboard\\src\\models\\create.user.js": {"path":"C:\\Users\\ASUS\\Documents\\CLONE1\\project-manajuser\\project-dashboard\\src\\models\\create.user.js","statementMap":{"0":{"start":{"line":11,"column":4},"end":{"line":11,"column":17}},"1":{"start":{"line":12,"column":4},"end":{"line":15,"column":5}},"2":{"start":{"line":26,"column":17},"end":{"line":26,"column":34}},"3":{"start":{"line":27,"column":17},"end":{"line":27,"column":19}},"4":{"start":{"line":28,"column":22},"end":{"line":28,"column":26}},"5":{"start":{"line":31,"column":4},"end":{"line":34,"column":5}},"6":{"start":{"line":32,"column":6},"end":{"line":32,"column":26}},"7":{"start":{"line":33,"column":6},"end":{"line":33,"column":45}},"8":{"start":{"line":36,"column":4},"end":{"line":41,"column":5}},"9":{"start":{"line":37,"column":6},"end":{"line":40,"column":7}},"10":{"start":{"line":38,"column":8},"end":{"line":38,"column":28}},"11":{"start":{"line":39,"column":8},"end":{"line":39,"column":44}},"12":{"start":{"line":44,"column":4},"end":{"line":47,"column":5}},"13":{"start":{"line":45,"column":6},"end":{"line":45,"column":26}},"14":{"start":{"line":46,"column":6},"end":{"line":46,"column":46}},"15":{"start":{"line":49,"column":4},"end":{"line":57,"column":5}},"16":{"start":{"line":50,"column":22},"end":{"line":50,"column":58}},"17":{"start":{"line":51,"column":23},"end":{"line":51,"column":59}},"18":{"start":{"line":53,"column":6},"end":{"line":56,"column":7}},"19":{"start":{"line":54,"column":8},"end":{"line":54,"column":28}},"20":{"start":{"line":55,"column":8},"end":{"line":55,"column":51}},"21":{"start":{"line":60,"column":4},"end":{"line":63,"column":5}},"22":{"start":{"line":61,"column":6},"end":{"line":61,"column":26}},"23":{"start":{"line":62,"column":6},"end":{"line":62,"column":49}},"24":{"start":{"line":65,"column":4},"end":{"line":70,"column":5}},"25":{"start":{"line":66,"column":6},"end":{"line":69,"column":7}},"26":{"start":{"line":67,"column":8},"end":{"line":67,"column":28}},"27":{"start":{"line":68,"column":8},"end":{"line":68,"column":155}},"28":{"start":{"line":73,"column":4},"end":{"line":76,"column":5}},"29":{"start":{"line":74,"column":6},"end":{"line":74,"column":26}},"30":{"start":{"line":75,"column":6},"end":{"line":75,"column":46}},"31":{"start":{"line":78,"column":4},"end":{"line":83,"column":5}},"32":{"start":{"line":79,"column":6},"end":{"line":82,"column":7}},"33":{"start":{"line":80,"column":8},"end":{"line":80,"column":28}},"34":{"start":{"line":81,"column":8},"end":{"line":81,"column":58}},"35":{"start":{"line":85,"column":4},"end":{"line":85,"column":36}},"36":{"start":{"line":86,"column":4},"end":{"line":86,"column":23}},"37":{"start":{"line":94,"column":4},"end":{"line":94,"column":23}},"38":{"start":{"line":95,"column":4},"end":{"line":110,"column":5}},"39":{"start":{"line":96,"column":23},"end":{"line":102,"column":7}},"40":{"start":{"line":103,"column":18},"end":{"line":103,"column":41}},"41":{"start":{"line":104,"column":6},"end":{"line":104,"column":30}},"42":{"start":{"line":106,"column":6},"end":{"line":106,"column":30}},"43":{"start":{"line":109,"column":6},"end":{"line":109,"column":29}},"44":{"start":{"line":116,"column":17},"end":{"line":116,"column":34}},"45":{"start":{"line":117,"column":4},"end":{"line":117,"column":35}},"46":{"start":{"line":118,"column":4},"end":{"line":118,"column":28}},"47":{"start":{"line":122,"column":4},"end":{"line":168,"column":5}},"48":{"start":{"line":148,"column":93},"end":{"line":148,"column":139}}},"fnMap":{"0":{"name":"(anonymous_0)","decl":{"start":{"line":10,"column":0},"end":{"line":10,"column":1}},"loc":{"start":{"line":10,"column":18},"end":{"line":16,"column":3}},"line":10},"1":{"name":"(anonymous_1)","decl":{"start":{"line":25,"column":2},"end":{"line":25,"column":3}},"loc":{"start":{"line":25,"column":20},"end":{"line":87,"column":3}},"line":25},"2":{"name":"(anonymous_2)","decl":{"start":{"line":93,"column":2},"end":{"line":93,"column":3}},"loc":{"start":{"line":93,"column":17},"end":{"line":113,"column":3}},"line":93},"3":{"name":"(anonymous_3)","decl":{"start":{"line":115,"column":2},"end":{"line":115,"column":3}},"loc":{"start":{"line":115,"column":24},"end":{"line":119,"column":3}},"line":115},"4":{"name":"(anonymous_4)","decl":{"start":{"line":121,"column":2},"end":{"line":121,"column":3}},"loc":{"start":{"line":121,"column":10},"end":{"line":169,"column":3}},"line":121},"5":{"name":"(anonymous_5)","decl":{"start":{"line":148,"column":83},"end":{"line":148,"column":84}},"loc":{"start":{"line":148,"column":93},"end":{"line":148,"column":139}},"line":148}},"branchMap":{"0":{"loc":{"start":{"line":31,"column":4},"end":{"line":34,"column":5}},"type":"if","locations":[{"start":{"line":31,"column":4},"end":{"line":34,"column":5}},{"start":{"line":31,"column":4},"end":{"line":34,"column":5}}],"line":31},"1":{"loc":{"start":{"line":36,"column":4},"end":{"line":41,"column":5}},"type":"if","locations":[{"start":{"line":36,"column":4},"end":{"line":41,"column":5}},{"start":{"line":36,"column":4},"end":{"line":41,"column":5}}],"line":36},"2":{"loc":{"start":{"line":37,"column":6},"end":{"line":40,"column":7}},"type":"if","locations":[{"start":{"line":37,"column":6},"end":{"line":40,"column":7}},{"start":{"line":37,"column":6},"end":{"line":40,"column":7}}],"line":37},"3":{"loc":{"start":{"line":44,"column":4},"end":{"line":47,"column":5}},"type":"if","locations":[{"start":{"line":44,"column":4},"end":{"line":47,"column":5}},{"start":{"line":44,"column":4},"end":{"line":47,"column":5}}],"line":44},"4":{"loc":{"start":{"line":49,"column":4},"end":{"line":57,"column":5}},"type":"if","locations":[{"start":{"line":49,"column":4},"end":{"line":57,"column":5}},{"start":{"line":49,"column":4},"end":{"line":57,"column":5}}],"line":49},"5":{"loc":{"start":{"line":53,"column":6},"end":{"line":56,"column":7}},"type":"if","locations":[{"start":{"line":53,"column":6},"end":{"line":56,"column":7}},{"start":{"line":53,"column":6},"end":{"line":56,"column":7}}],"line":53},"6":{"loc":{"start":{"line":53,"column":12},"end":{"line":53,"column":161}},"type":"binary-expr","locations":[{"start":{"line":53,"column":12},"end":{"line":53,"column":34}},{"start":{"line":53,"column":38},"end":{"line":53,"column":51}},{"start":{"line":53,"column":55},"end":{"line":53,"column":94}},{"start":{"line":53,"column":98},"end":{"line":53,"column":112}},{"start":{"line":53,"column":116},"end":{"line":53,"column":161}}],"line":53},"7":{"loc":{"start":{"line":60,"column":4},"end":{"line":63,"column":5}},"type":"if","locations":[{"start":{"line":60,"column":4},"end":{"line":63,"column":5}},{"start":{"line":60,"column":4},"end":{"line":63,"column":5}}],"line":60},"8":{"loc":{"start":{"line":65,"column":4},"end":{"line":70,"column":5}},"type":"if","locations":[{"start":{"line":65,"column":4},"end":{"line":70,"column":5}},{"start":{"line":65,"column":4},"end":{"line":70,"column":5}}],"line":65},"9":{"loc":{"start":{"line":66,"column":6},"end":{"line":69,"column":7}},"type":"if","locations":[{"start":{"line":66,"column":6},"end":{"line":69,"column":7}},{"start":{"line":66,"column":6},"end":{"line":69,"column":7}}],"line":66},"10":{"loc":{"start":{"line":73,"column":4},"end":{"line":76,"column":5}},"type":"if","locations":[{"start":{"line":73,"column":4},"end":{"line":76,"column":5}},{"start":{"line":73,"column":4},"end":{"line":76,"column":5}}],"line":73},"11":{"loc":{"start":{"line":78,"column":4},"end":{"line":83,"column":5}},"type":"if","locations":[{"start":{"line":78,"column":4},"end":{"line":83,"column":5}},{"start":{"line":78,"column":4},"end":{"line":83,"column":5}}],"line":78},"12":{"loc":{"start":{"line":79,"column":6},"end":{"line":82,"column":7}},"type":"if","locations":[{"start":{"line":79,"column":6},"end":{"line":82,"column":7}},{"start":{"line":79,"column":6},"end":{"line":82,"column":7}}],"line":79},"13":{"loc":{"start":{"line":95,"column":4},"end":{"line":110,"column":5}},"type":"if","locations":[{"start":{"line":95,"column":4},"end":{"line":110,"column":5}},{"start":{"line":95,"column":4},"end":{"line":110,"column":5}}],"line":95}},"s":{"0":7,"1":7,"2":0,"3":0,"4":0,"5":0,"6":0,"7":0,"8":0,"9":0,"10":0,"11":0,"12":0,"13":0,"14":0,"15":0,"16":0,"17":0,"18":0,"19":0,"20":0,"21":0,"22":0,"23":0,"24":0,"25":0,"26":0,"27":0,"28":0,"29":0,"30":0,"31":0,"32":0,"33":0,"34":0,"35":0,"36":0,"37":0,"38":0,"39":0,"40":0,"41":0,"42":0,"43":0,"44":4,"45":4,"46":4,"47":12,"48":1},"f":{"0":7,"1":0,"2":0,"3":4,"4":12,"5":1},"b":{"0":[0,0],"1":[0,0],"2":[0,0],"3":[0,0],"4":[0,0],"5":[0,0],"6":[0,0,0,0,0],"7":[0,0],"8":[0,0],"9":[0,0],"10":[0,0],"11":[0,0],"12":[0,0],"13":[0,0]},"_coverageSchema":"43e27e138ebf9cfc5966b082cf9a028302ed4184","hash":"512ff1887170ae616284f99c21fb3d024a9535e1"}
,"C:\\Users\\ASUS\\Documents\\CLONE1\\project-manajuser\\project-dashboard\\src\\models\\read.user.js": {"path":"C:\\Users\\ASUS\\Documents\\CLONE1\\project-manajuser\\project-dashboard\\src\\models\\read.user.js","statementMap":{"0":{"start":{"line":12,"column":4},"end":{"line":12,"column":17}},"1":{"start":{"line":13,"column":4},"end":{"line":15,"column":5}},"2":{"start":{"line":22,"column":5},"end":{"line":22,"column":20}},"3":{"start":{"line":23,"column":20},"end":{"line":23,"column":52}},"4":{"start":{"line":24,"column":8},"end":{"line":24,"column":37}},"5":{"start":{"line":25,"column":8},"end":{"line":25,"column":28}},"6":{"start":{"line":27,"column":8},"end":{"line":27,"column":42}},"7":{"start":{"line":34,"column":16},"end":{"line":34,"column":39}},"8":{"start":{"line":35,"column":4},"end":{"line":47,"column":6}},"9":{"start":{"line":37,"column":6},"end":{"line":43,"column":7}},"10":{"start":{"line":38,"column":21},"end":{"line":38,"column":34}},"11":{"start":{"line":39,"column":8},"end":{"line":39,"column":38}},"12":{"start":{"line":42,"column":8},"end":{"line":42,"column":34}},"13":{"start":{"line":46,"column":6},"end":{"line":46,"column":34}},"14":{"start":{"line":54,"column":6},"end":{"line":121,"column":8}},"15":{"start":{"line":128,"column":6},"end":{"line":137,"column":8}},"16":{"start":{"line":129,"column":8},"end":{"line":136,"column":9}}},"fnMap":{"0":{"name":"(anonymous_0)","decl":{"start":{"line":11,"column":2},"end":{"line":11,"column":3}},"loc":{"start":{"line":11,"column":20},"end":{"line":16,"column":3}},"line":11},"1":{"name":"(anonymous_1)","decl":{"start":{"line":21,"column":2},"end":{"line":21,"column":3}},"loc":{"start":{"line":21,"column":21},"end":{"line":28,"column":3}},"line":21},"2":{"name":"(anonymous_2)","decl":{"start":{"line":33,"column":2},"end":{"line":33,"column":3}},"loc":{"start":{"line":33,"column":12},"end":{"line":48,"column":3}},"line":33},"3":{"name":"(anonymous_3)","decl":{"start":{"line":36,"column":10},"end":{"line":36,"column":11}},"loc":{"start":{"line":36,"column":15},"end":{"line":44,"column":5}},"line":36},"4":{"name":"(anonymous_4)","decl":{"start":{"line":45,"column":11},"end":{"line":45,"column":12}},"loc":{"start":{"line":45,"column":18},"end":{"line":47,"column":5}},"line":45},"5":{"name":"(anonymous_5)","decl":{"start":{"line":53,"column":4},"end":{"line":53,"column":5}},"loc":{"start":{"line":53,"column":13},"end":{"line":122,"column":5}},"line":53},"6":{"name":"(anonymous_6)","decl":{"start":{"line":127,"column":4},"end":{"line":127,"column":5}},"loc":{"start":{"line":127,"column":18},"end":{"line":138,"column":5}},"line":127},"7":{"name":"(anonymous_7)","decl":{"start":{"line":128,"column":37},"end":{"line":128,"column":38}},"loc":{"start":{"line":128,"column":45},"end":{"line":137,"column":7}},"line":128}},"branchMap":{"0":{"loc":{"start":{"line":37,"column":6},"end":{"line":43,"column":7}},"type":"if","locations":[{"start":{"line":37,"column":6},"end":{"line":43,"column":7}},{"start":{"line":37,"column":6},"end":{"line":43,"column":7}}],"line":37}},"s":{"0":1,"1":1,"2":1,"3":1,"4":1,"5":1,"6":1,"7":1,"8":1,"9":0,"10":0,"11":0,"12":0,"13":0,"14":1,"15":1,"16":0},"f":{"0":1,"1":1,"2":1,"3":0,"4":0,"5":1,"6":1,"7":0},"b":{"0":[0,0]},"_coverageSchema":"43e27e138ebf9cfc5966b082cf9a028302ed4184","hash":"8130adb40567d8218164bc2585a4927a2daf05a9"}
}
